#
# There is insufficient memory for the Java Runtime Environment to continue.
# Native memory allocation (malloc) failed to allocate 312336 bytes for Chunk::new
# Possible reasons:
#   The system is out of physical RAM or swap space
#   In 32 bit mode, the process size limit was hit
# Possible solutions:
#   Reduce memory load on the system
#   Increase physical memory or swap space
#   Check if swap backing store is full
#   Use 64 bit Java on a 64 bit OS
#   Decrease Java heap size (-Xmx/-Xms)
#   Decrease number of Java threads
#   Decrease Java thread stack sizes (-Xss)
#   Set larger code cache with -XX:ReservedCodeCacheSize=
# This output file may be truncated or incomplete.
#
#  Out of Memory Error (allocation.cpp:390), pid=12580, tid=0x0000000000002fd4
#
# JRE version: OpenJDK Runtime Environment (8.0_152-b02) (build 1.8.0_152-release-1024-b02)
# Java VM: OpenJDK 64-Bit Server VM (25.152-b02 mixed mode windows-amd64 compressed oops)
# Failed to write core dump. Minidumps are not enabled by default on client versions of Windows
#

---------------  T H R E A D  ---------------

Current thread (0x00000000154d9800):  JavaThread "C2 CompilerThread0" daemon [_thread_in_native, id=12244, stack(0x0000000016b10000,0x0000000016c10000)]

Stack: [0x0000000016b10000,0x0000000016c10000]
[error occurred during error reporting (printing stack bounds), id 0xc0000005]

Native frames: (J=compiled Java code, j=interpreted, Vv=VM code, C=native code)


Current CompileTask:
C2: 289411 10000       4       org.gradle.cache.internal.btree.CachingBlockStore::read (56 bytes)


---------------  P R O C E S S  ---------------

Java Threads: ( => current thread )
  0x00000000186e4000 JavaThread "build operations Thread 4" [_thread_blocked, id=9200, stack(0x00000000234d0000,0x00000000235d0000)]
  0x00000000186e4800 JavaThread "build operations Thread 3" [_thread_blocked, id=7224, stack(0x00000000233d0000,0x00000000234d0000)]
  0x000000001ae11000 JavaThread "build operations Thread 2" [_thread_blocked, id=12468, stack(0x00000000232d0000,0x00000000233d0000)]
  0x000000001ae10800 JavaThread "build operations" [_thread_blocked, id=4484, stack(0x00000000231d0000,0x00000000232d0000)]
  0x000000001ae0f800 JavaThread "Cache worker for Artifact transforms cache (C:\Users\pc\.gradle\caches\transforms-1)" [_thread_blocked, id=5312, stack(0x00000000230d0000,0x00000000231d0000)]
  0x000000001ae12000 JavaThread "Cache worker for file hash cache (C:\Users\pc\AndroidStudioProjects\PayLibrary\.gradle\4.4\fileHashes)" [_thread_blocked, id=5584, stack(0x0000000022fd0000,0x00000000230d0000)]
  0x000000001ae0f000 JavaThread "Asynchronous log dispatcher for DefaultDaemonConnection: socket connection from /127.0.0.1:64986 to /127.0.0.1:65245" [_thread_blocked, id=12024, stack(0x0000000022dd0000,0x0000000022ed0000)]
  0x000000001ae0e000 JavaThread "Daemon worker Thread 2" [_thread_in_native, id=11396, stack(0x0000000022cd0000,0x0000000022dd0000)]
  0x000000001ae06800 JavaThread "Cancel handler" [_thread_blocked, id=7152, stack(0x0000000022bd0000,0x0000000022cd0000)]
  0x000000001ae0d800 JavaThread "Handler for socket connection from /127.0.0.1:64986 to /127.0.0.1:65245" [_thread_in_native, id=12540, stack(0x00000000228d0000,0x00000000229d0000)]
  0x000000001ae0c800 JavaThread "Daemon Thread 2" [_thread_blocked, id=5104, stack(0x00000000227d0000,0x00000000228d0000)]
  0x000000001ae09000 JavaThread "Memory manager" [_thread_blocked, id=12316, stack(0x000000001fe80000,0x000000001ff80000)]
  0x0000000018360000 JavaThread "File lock request listener" [_thread_in_native, id=12032, stack(0x000000001a220000,0x000000001a320000)]
  0x000000001859f000 JavaThread "Cache worker for file hash cache (C:\Users\pc\.gradle\caches\4.4\fileHashes)" [_thread_blocked, id=12040, stack(0x000000001a120000,0x000000001a220000)]
  0x00000000182fe800 JavaThread "Daemon periodic checks" [_thread_blocked, id=5524, stack(0x0000000019620000,0x0000000019720000)]
  0x00000000182e0800 JavaThread "Incoming local TCP Connector on port 64986" [_thread_in_native, id=12588, stack(0x0000000019120000,0x0000000019220000)]
  0x0000000016d5e800 JavaThread "Service Thread" daemon [_thread_blocked, id=11876, stack(0x0000000017210000,0x0000000017310000)]
  0x00000000154e3000 JavaThread "C1 CompilerThread2" daemon [_thread_blocked, id=12116, stack(0x0000000017110000,0x0000000017210000)]
  0x00000000154dd800 JavaThread "C2 CompilerThread1" daemon [_thread_blocked, id=12108, stack(0x0000000016c10000,0x0000000016d10000)]
=>0x00000000154d9800 JavaThread "C2 CompilerThread0" daemon [_thread_in_native, id=12244, stack(0x0000000016b10000,0x0000000016c10000)]
  0x00000000154d8000 JavaThread "Attach Listener" daemon [_thread_blocked, id=11344, stack(0x0000000016a10000,0x0000000016b10000)]
  0x0000000015526000 JavaThread "Signal Dispatcher" daemon [_thread_blocked, id=12828, stack(0x0000000016910000,0x0000000016a10000)]
  0x0000000002df6800 JavaThread "Finalizer" daemon [_thread_blocked, id=5116, stack(0x0000000016720000,0x0000000016820000)]
  0x0000000002df1000 JavaThread "Reference Handler" daemon [_thread_blocked, id=12384, stack(0x0000000016620000,0x0000000016720000)]
  0x0000000002cfd800 JavaThread "main" [_thread_blocked, id=10780, stack(0x0000000002b60000,0x0000000002c60000)]

Other Threads:
  0x0000000015495800 VMThread [stack: 0x0000000016520000,0x0000000016620000] [id=11820]
  0x0000000016d5f800 WatcherThread [stack: 0x0000000017310000,0x0000000017410000] [id=11616]

VM state:not at safepoint (normal execution)

VM Mutex/Monitor currently owned by a thread: None

Heap:
 PSYoungGen      total 196096K, used 163006K [0x00000000eab00000, 0x00000000fb180000, 0x0000000100000000)
  eden space 167936K, 82% used [0x00000000eab00000,0x00000000f31c0e90,0x00000000f4f00000)
  from space 28160K, 88% used [0x00000000f4f00000,0x00000000f676ea88,0x00000000f6a80000)
  to   space 31232K, 0% used [0x00000000f9300000,0x00000000f9300000,0x00000000fb180000)
 ParOldGen       total 150528K, used 48053K [0x00000000c0000000, 0x00000000c9300000, 0x00000000eab00000)
  object space 150528K, 31% used [0x00000000c0000000,0x00000000c2eed5b8,0x00000000c9300000)
 Metaspace       used 76261K, capacity 80256K, committed 80472K, reserved 1118208K
  class space    used 10265K, capacity 11229K, committed 11352K, reserved 1048576K

Card table byte_map: [0x00000000121c0000,0x00000000123d0000] byte_map_base: 0x0000000011bc0000

Marking Bits: (ParMarkBitMap*) 0x0000000063504970
 Begin Bits: [0x0000000012930000, 0x0000000013930000)
 End Bits:   [0x0000000013930000, 0x0000000014930000)

Polling page: 0x0000000002b00000

CodeCache: size=245760Kb used=29543Kb max_used=29554Kb free=216216Kb
 bounds [0x0000000002e00000, 0x0000000004b00000, 0x0000000011e00000]
 total_blobs=9422 nmethods=8623 adapters=711
 compilation: enabled

Compilation events (10 events):
Event: 271.644 Thread 0x00000000154e3000 nmethod 9997 0x0000000004af5990 code [0x0000000004af5c40, 0x0000000004af70a8]
Event: 271.644 Thread 0x00000000154e3000 9998       3       org.gradle.internal.serialize.InputStreamBackedDecoder::readByte (13 bytes)
Event: 271.644 Thread 0x00000000154e3000 nmethod 9998 0x0000000004af5250 code [0x0000000004af53e0, 0x0000000004af57d8]
Event: 289.324 Thread 0x00000000154e3000 9999   !   3       org.apache.commons.lang.exception.ExceptionUtils::getCauseUsingMethodName (78 bytes)
Event: 289.325 Thread 0x00000000154d9800 10000       4       org.gradle.cache.internal.btree.CachingBlockStore::read (56 bytes)
Event: 289.325 Thread 0x00000000154e3000 nmethod 9999 0x0000000004af3f90 code [0x0000000004af41a0, 0x0000000004af4d38]
Event: 289.325 Thread 0x00000000154e3000 10001       1       java.net.Proxy::type (5 bytes)
Event: 289.325 Thread 0x00000000154e3000 nmethod 10001 0x0000000004ae1ed0 code [0x0000000004ae2020, 0x0000000004ae2130]
Event: 289.326 Thread 0x00000000154dd800 10002       4       java.util.Arrays::equals (54 bytes)
Event: 289.328 Thread 0x00000000154dd800 nmethod 10002 0x0000000004afb450 code [0x0000000004afb580, 0x0000000004afb6f8]

GC Heap History (10 events):
Event: 11.770 GC heap before
{Heap before GC invocations=16 (full 2):
 PSYoungGen      total 117248K, used 117221K [0x00000000eab00000, 0x00000000f5080000, 0x0000000100000000)
  eden space 100864K, 100% used [0x00000000eab00000,0x00000000f0d80000,0x00000000f0d80000)
  from space 16384K, 99% used [0x00000000f0d80000,0x00000000f1d79510,0x00000000f1d80000)
  to   space 20992K, 0% used [0x00000000f3c00000,0x00000000f3c00000,0x00000000f5080000)
 ParOldGen       total 102400K, used 26865K [0x00000000c0000000, 0x00000000c6400000, 0x00000000eab00000)
  object space 102400K, 26% used [0x00000000c0000000,0x00000000c1a3c400,0x00000000c6400000)
 Metaspace       used 56518K, capacity 58688K, committed 58840K, reserved 1099776K
  class space    used 7820K, capacity 8368K, committed 8408K, reserved 1048576K
Event: 11.808 GC heap after
Heap after GC invocations=16 (full 2):
 PSYoungGen      total 142336K, used 20965K [0x00000000eab00000, 0x00000000f6380000, 0x0000000100000000)
  eden space 121344K, 0% used [0x00000000eab00000,0x00000000eab00000,0x00000000f2180000)
  from space 20992K, 99% used [0x00000000f3c00000,0x00000000f5079500,0x00000000f5080000)
  to   space 27136K, 0% used [0x00000000f2180000,0x00000000f2180000,0x00000000f3c00000)
 ParOldGen       total 102400K, used 34820K [0x00000000c0000000, 0x00000000c6400000, 0x00000000eab00000)
  object space 102400K, 34% used [0x00000000c0000000,0x00000000c22010e8,0x00000000c6400000)
 Metaspace       used 56518K, capacity 58688K, committed 58840K, reserved 1099776K
  class space    used 7820K, capacity 8368K, committed 8408K, reserved 1048576K
}
Event: 11.892 GC heap before
{Heap before GC invocations=17 (full 2):
 PSYoungGen      total 142336K, used 25983K [0x00000000eab00000, 0x00000000f6380000, 0x0000000100000000)
  eden space 121344K, 4% used [0x00000000eab00000,0x00000000eafe67f8,0x00000000f2180000)
  from space 20992K, 99% used [0x00000000f3c00000,0x00000000f5079500,0x00000000f5080000)
  to   space 27136K, 0% used [0x00000000f2180000,0x00000000f2180000,0x00000000f3c00000)
 ParOldGen       total 102400K, used 34820K [0x00000000c0000000, 0x00000000c6400000, 0x00000000eab00000)
  object space 102400K, 34% used [0x00000000c0000000,0x00000000c22010e8,0x00000000c6400000)
 Metaspace       used 56829K, capacity 58994K, committed 59028K, reserved 1099776K
  class space    used 7846K, capacity 8403K, committed 8408K, reserved 1048576K
Event: 11.914 GC heap after
Heap after GC invocations=17 (full 2):
 PSYoungGen      total 148480K, used 21781K [0x00000000eab00000, 0x00000000f9380000, 0x0000000100000000)
  eden space 121344K, 0% used [0x00000000eab00000,0x00000000eab00000,0x00000000f2180000)
  from space 27136K, 80% used [0x00000000f2180000,0x00000000f36c5520,0x00000000f3c00000)
  to   space 29184K, 0% used [0x00000000f7700000,0x00000000f7700000,0x00000000f9380000)
 ParOldGen       total 102400K, used 34820K [0x00000000c0000000, 0x00000000c6400000, 0x00000000eab00000)
  object space 102400K, 34% used [0x00000000c0000000,0x00000000c22010e8,0x00000000c6400000)
 Metaspace       used 56829K, capacity 58994K, committed 59028K, reserved 1099776K
  class space    used 7846K, capacity 8403K, committed 8408K, reserved 1048576K
}
Event: 11.914 GC heap before
{Heap before GC invocations=18 (full 3):
 PSYoungGen      total 148480K, used 21781K [0x00000000eab00000, 0x00000000f9380000, 0x0000000100000000)
  eden space 121344K, 0% used [0x00000000eab00000,0x00000000eab00000,0x00000000f2180000)
  from space 27136K, 80% used [0x00000000f2180000,0x00000000f36c5520,0x00000000f3c00000)
  to   space 29184K, 0% used [0x00000000f7700000,0x00000000f7700000,0x00000000f9380000)
 ParOldGen       total 102400K, used 34820K [0x00000000c0000000, 0x00000000c6400000, 0x00000000eab00000)
  object space 102400K, 34% used [0x00000000c0000000,0x00000000c22010e8,0x00000000c6400000)
 Metaspace       used 56829K, capacity 58994K, committed 59028K, reserved 1099776K
  class space    used 7846K, capacity 8403K, committed 8408K, reserved 1048576K
Event: 12.212 GC heap after
Heap after GC invocations=18 (full 3):
 PSYoungGen      total 148480K, used 0K [0x00000000eab00000, 0x00000000f9380000, 0x0000000100000000)
  eden space 121344K, 0% used [0x00000000eab00000,0x00000000eab00000,0x00000000f2180000)
  from space 27136K, 0% used [0x00000000f2180000,0x00000000f2180000,0x00000000f3c00000)
  to   space 29184K, 0% used [0x00000000f7700000,0x00000000f7700000,0x00000000f9380000)
 ParOldGen       total 150528K, used 48018K [0x00000000c0000000, 0x00000000c9300000, 0x00000000eab00000)
  object space 150528K, 31% used [0x00000000c0000000,0x00000000c2ee4968,0x00000000c9300000)
 Metaspace       used 56829K, capacity 58994K, committed 59028K, reserved 1099776K
  class space    used 7846K, capacity 8403K, committed 8408K, reserved 1048576K
}
Event: 105.285 GC heap before
{Heap before GC invocations=19 (full 3):
 PSYoungGen      total 148480K, used 121344K [0x00000000eab00000, 0x00000000f9380000, 0x0000000100000000)
  eden space 121344K, 100% used [0x00000000eab00000,0x00000000f2180000,0x00000000f2180000)
  from space 27136K, 0% used [0x00000000f2180000,0x00000000f2180000,0x00000000f3c00000)
  to   space 29184K, 0% used [0x00000000f7700000,0x00000000f7700000,0x00000000f9380000)
 ParOldGen       total 150528K, used 48018K [0x00000000c0000000, 0x00000000c9300000, 0x00000000eab00000)
  object space 150528K, 31% used [0x00000000c0000000,0x00000000c2ee4968,0x00000000c9300000)
 Metaspace       used 62661K, capacity 65352K, committed 65496K, reserved 1105920K
  class space    used 8450K, capacity 9133K, committed 9176K, reserved 1048576K
Event: 105.296 GC heap after
Heap after GC invocations=19 (full 3):
 PSYoungGen      total 183296K, used 10118K [0x00000000eab00000, 0x00000000f8600000, 0x0000000100000000)
  eden space 167936K, 0% used [0x00000000eab00000,0x00000000eab00000,0x00000000f4f00000)
  from space 15360K, 65% used [0x00000000f7700000,0x00000000f80e1b40,0x00000000f8600000)
  to   space 28160K, 0% used [0x00000000f4f00000,0x00000000f4f00000,0x00000000f6a80000)
 ParOldGen       total 150528K, used 48045K [0x00000000c0000000, 0x00000000c9300000, 0x00000000eab00000)
  object space 150528K, 31% used [0x00000000c0000000,0x00000000c2eeb5b8,0x00000000c9300000)
 Metaspace       used 62661K, capacity 65352K, committed 65496K, reserved 1105920K
  class space    used 8450K, capacity 9133K, committed 9176K, reserved 1048576K
}
Event: 201.805 GC heap before
{Heap before GC invocations=20 (full 3):
 PSYoungGen      total 183296K, used 178054K [0x00000000eab00000, 0x00000000f8600000, 0x0000000100000000)
  eden space 167936K, 100% used [0x00000000eab00000,0x00000000f4f00000,0x00000000f4f00000)
  from space 15360K, 65% used [0x00000000f7700000,0x00000000f80e1b40,0x00000000f8600000)
  to   space 28160K, 0% used [0x00000000f4f00000,0x00000000f4f00000,0x00000000f6a80000)
 ParOldGen       total 150528K, used 48045K [0x00000000c0000000, 0x00000000c9300000, 0x00000000eab00000)
  object space 150528K, 31% used [0x00000000c0000000,0x00000000c2eeb5b8,0x00000000c9300000)
 Metaspace       used 71959K, capacity 75048K, committed 75224K, reserved 1114112K
  class space    used 9635K, capacity 10441K, committed 10456K, reserved 1048576K
Event: 201.828 GC heap after
Heap after GC invocations=20 (full 3):
 PSYoungGen      total 196096K, used 25018K [0x00000000eab00000, 0x00000000fb180000, 0x0000000100000000)
  eden space 167936K, 0% used [0x00000000eab00000,0x00000000eab00000,0x00000000f4f00000)
  from space 28160K, 88% used [0x00000000f4f00000,0x00000000f676ea88,0x00000000f6a80000)
  to   space 31232K, 0% used [0x00000000f9300000,0x00000000f9300000,0x00000000fb180000)
 ParOldGen       total 150528K, used 48053K [0x00000000c0000000, 0x00000000c9300000, 0x00000000eab00000)
  object space 150528K, 31% used [0x00000000c0000000,0x00000000c2eed5b8,0x00000000c9300000)
 Metaspace       used 71959K, capacity 75048K, committed 75224K, reserved 1114112K
  class space    used 9635K, capacity 10441K, committed 10456K, reserved 1048576K
}

Deoptimization events (10 events):
Event: 202.066 Thread 0x000000001ae0e000 Uncommon trap: reason=null_check action=make_not_entrant pc=0x00000000038847a4 method=java.lang.Class.isAnnotation()Z @ 1
Event: 202.304 Thread 0x000000001ae0e000 Uncommon trap: reason=null_check action=make_not_entrant pc=0x00000000049a40cc method=org.gradle.api.internal.AbstractClassGenerator.generateUnderLock(Ljava/lang/Class;)Ljava/lang/Class; @ 396
Event: 202.348 Thread 0x000000001ae0e000 Uncommon trap: reason=predicate action=maybe_recompile pc=0x0000000004956d98 method=java.util.ComparableTimSort.binarySort([Ljava/lang/Object;III)V @ 37
Event: 202.400 Thread 0x000000001ae0e000 Uncommon trap: reason=array_check action=maybe_recompile pc=0x00000000049e2ca0 method=java.util.ComparableTimSort.binarySort([Ljava/lang/Object;III)V @ 215
Event: 202.406 Thread 0x000000001ae0e000 Uncommon trap: reason=array_check action=maybe_recompile pc=0x00000000049e2ca0 method=java.util.ComparableTimSort.binarySort([Ljava/lang/Object;III)V @ 215
Event: 202.513 Thread 0x000000001ae0e000 Uncommon trap: reason=class_check action=maybe_recompile pc=0x0000000003ce2dcc method=java.util.regex.Matcher.search(I)Z @ 86
Event: 202.513 Thread 0x000000001ae0e000 Uncommon trap: reason=class_check action=maybe_recompile pc=0x0000000003c8fa1c method=java.util.regex.Matcher.search(I)Z @ 86
Event: 202.564 Thread 0x000000001ae0e000 Uncommon trap: reason=array_check action=maybe_recompile pc=0x00000000049e2e2c method=java.util.ComparableTimSort.binarySort([Ljava/lang/Object;III)V @ 183
Event: 202.568 Thread 0x000000001ae0e000 Uncommon trap: reason=array_check action=maybe_recompile pc=0x00000000049e2d64 method=java.util.ComparableTimSort.binarySort([Ljava/lang/Object;III)V @ 193
Event: 202.568 Thread 0x000000001ae0e000 Uncommon trap: reason=array_check action=maybe_recompile pc=0x00000000049e2e2c method=java.util.ComparableTimSort.binarySort([Ljava/lang/Object;III)V @ 183

Classes redefined (0 events):
No events

Internal exceptions (10 events):
Event: 202.863 Thread 0x000000001ae0e000 Exception <a 'java/lang/NoSuchMethodError': java.lang.Object.lambda$of$a04ddf17$1(Ljava/lang/Object;)Ljava/lang/Object;> (0x00000000f23fdbe8) thrown at [D:\src\AOSP-openjdk-cygwin\jdk8u\hotspot\src\share\vm\interpreter\linkResolver.cpp, line 584]
Event: 223.996 Thread 0x000000001ae0e000 Exception <a 'java/net/ConnectException': Connection timed out: connect> (0x00000000f2747218) thrown at [D:\src\AOSP-openjdk-cygwin\jdk8u\hotspot\src\share\vm\prims\jni.cpp, line 735]
Event: 246.073 Thread 0x000000001ae0e000 Exception <a 'java/net/ConnectException': Connection timed out: connect> (0x00000000f2a7c4d8) thrown at [D:\src\AOSP-openjdk-cygwin\jdk8u\hotspot\src\share\vm\prims\jni.cpp, line 735]
Event: 246.078 Thread 0x000000001ae0e000 Exception <a 'java/net/SocketTimeoutException': Read timed out> (0x00000000f2c0bff0) thrown at [D:\src\AOSP-openjdk-cygwin\jdk8u\hotspot\src\share\vm\prims\jni.cpp, line 735]
Event: 246.337 Thread 0x000000001ae0e000 Exception <a 'java/net/SocketTimeoutException': Read timed out> (0x00000000f2c27568) thrown at [D:\src\AOSP-openjdk-cygwin\jdk8u\hotspot\src\share\vm\prims\jni.cpp, line 735]
Event: 267.710 Thread 0x000000001ae0e000 Exception <a 'java/net/ConnectException': Connection timed out: connect> (0x00000000f2c8fa88) thrown at [D:\src\AOSP-openjdk-cygwin\jdk8u\hotspot\src\share\vm\prims\jni.cpp, line 735]
Event: 267.717 Thread 0x000000001ae0e000 Exception <a 'java/net/SocketTimeoutException': Read timed out> (0x00000000f2e5d108) thrown at [D:\src\AOSP-openjdk-cygwin\jdk8u\hotspot\src\share\vm\prims\jni.cpp, line 735]
Event: 267.987 Thread 0x000000001ae0e000 Exception <a 'java/net/SocketTimeoutException': Read timed out> (0x00000000f2e78280) thrown at [D:\src\AOSP-openjdk-cygwin\jdk8u\hotspot\src\share\vm\prims\jni.cpp, line 735]
Event: 289.321 Thread 0x000000001ae0e000 Exception <a 'java/net/ConnectException': Connection timed out: connect> (0x00000000f2f1d860) thrown at [D:\src\AOSP-openjdk-cygwin\jdk8u\hotspot\src\share\vm\prims\jni.cpp, line 735]
Event: 289.326 Thread 0x000000001ae0e000 Exception <a 'java/net/SocketTimeoutException': Read timed out> (0x00000000f30aab70) thrown at [D:\src\AOSP-openjdk-cygwin\jdk8u\hotspot\src\share\vm\prims\jni.cpp, line 735]

Events (10 events):
Event: 224.287 Thread 0x00000000154e3000 flushing nmethod 0x0000000003a02e90
Event: 224.287 Thread 0x00000000154e3000 flushing nmethod 0x0000000003a13610
Event: 224.287 Thread 0x00000000154e3000 flushing nmethod 0x0000000003a18690
Event: 224.287 Thread 0x00000000154e3000 flushing nmethod 0x0000000003a18d10
Event: 224.287 Thread 0x00000000154e3000 flushing nmethod 0x0000000003b0bb90
Event: 224.840 Executing VM operation: RevokeBias
Event: 224.840 Executing VM operation: RevokeBias done
Event: 260.165 Executing VM operation: RevokeBias
Event: 260.165 Executing VM operation: RevokeBias done
Event: 260.165 Thread 0x000000001ae12800 Thread exited: 0x000000001ae12800


Dynamic libraries:
0x00007ff73c900000 - 0x00007ff73c931000 	C:\Program Files\Android\Android Studio\jre\bin\java.exe
0x00007ffa35890000 - 0x00007ffa35a61000 	C:\Windows\SYSTEM32\ntdll.dll
0x00007ffa332f0000 - 0x00007ffa3339c000 	C:\Windows\System32\KERNEL32.DLL
0x00007ffa32060000 - 0x00007ffa3227d000 	C:\Windows\System32\KERNELBASE.dll
0x00007ffa33240000 - 0x00007ffa332e2000 	C:\Windows\System32\ADVAPI32.dll
0x00007ffa35490000 - 0x00007ffa3552e000 	C:\Windows\System32\msvcrt.dll
0x00007ffa35800000 - 0x00007ffa35859000 	C:\Windows\System32\sechost.dll
0x00007ffa349f0000 - 0x00007ffa34b11000 	C:\Windows\System32\RPCRT4.dll
0x00007ffa32e90000 - 0x00007ffa32ff5000 	C:\Windows\System32\USER32.dll
0x00007ffa32280000 - 0x00007ffa3229e000 	C:\Windows\System32\win32u.dll
0x00007ffa34b20000 - 0x00007ffa34b54000 	C:\Windows\System32\GDI32.dll
0x00007ffa32b00000 - 0x00007ffa32c80000 	C:\Windows\System32\gdi32full.dll
0x00007ffa1efd0000 - 0x00007ffa1f24a000 	C:\Windows\WinSxS\amd64_microsoft.windows.common-controls_6595b64144ccf1df_6.0.14393.2273_none_7de240fc83403786\COMCTL32.dll
0x00007ffa351c0000 - 0x00007ffa35488000 	C:\Windows\System32\combase.dll
0x00007ffa32c80000 - 0x00007ffa32d75000 	C:\Windows\System32\ucrtbase.dll
0x00007ffa329e0000 - 0x00007ffa32a4a000 	C:\Windows\System32\bcryptPrimitives.dll
0x00007ffa35860000 - 0x00007ffa3588e000 	C:\Windows\System32\IMM32.DLL
0x0000000063630000 - 0x0000000063702000 	C:\Program Files\Android\Android Studio\jre\jre\bin\msvcr100.dll
0x0000000062d40000 - 0x000000006357f000 	C:\Program Files\Android\Android Studio\jre\jre\bin\server\jvm.dll
0x00007ffa33130000 - 0x00007ffa33138000 	C:\Windows\System32\PSAPI.DLL
0x00007ffa28ca0000 - 0x00007ffa28ca9000 	C:\Windows\SYSTEM32\WSOCK32.dll
0x00007ffa35790000 - 0x00007ffa357fa000 	C:\Windows\System32\WS2_32.dll
0x00007ffa30290000 - 0x00007ffa302b3000 	C:\Windows\SYSTEM32\WINMM.dll
0x00007ffa28b20000 - 0x00007ffa28b2a000 	C:\Windows\SYSTEM32\VERSION.dll
0x00007ffa30230000 - 0x00007ffa3025b000 	C:\Windows\SYSTEM32\WINMMBASE.dll
0x00007ffa31e40000 - 0x00007ffa31e82000 	C:\Windows\System32\cfgmgr32.dll
0x00007ffa28a20000 - 0x00007ffa28a2f000 	C:\Program Files\Android\Android Studio\jre\jre\bin\verify.dll
0x00007ffa18da0000 - 0x00007ffa18dc9000 	C:\Program Files\Android\Android Studio\jre\jre\bin\java.dll
0x00007ffa265d0000 - 0x00007ffa265e6000 	C:\Program Files\Android\Android Studio\jre\jre\bin\zip.dll
0x00007ffa333a0000 - 0x00007ffa348a5000 	C:\Windows\System32\SHELL32.dll
0x00007ffa32300000 - 0x00007ffa329d9000 	C:\Windows\System32\windows.storage.dll
0x00007ffa31d00000 - 0x00007ffa31d4c000 	C:\Windows\System32\powrprof.dll
0x00007ffa32e20000 - 0x00007ffa32e72000 	C:\Windows\System32\shlwapi.dll
0x00007ffa31d50000 - 0x00007ffa31d5f000 	C:\Windows\System32\kernel.appcore.dll
0x00007ffa31d90000 - 0x00007ffa31e39000 	C:\Windows\System32\shcore.dll
0x00007ffa31d60000 - 0x00007ffa31d74000 	C:\Windows\System32\profapi.dll
0x00007ffa1c550000 - 0x00007ffa1c56a000 	C:\Program Files\Android\Android Studio\jre\jre\bin\net.dll
0x00007ffa315d0000 - 0x00007ffa3162c000 	C:\Windows\system32\mswsock.dll
0x00007ffa1b5a0000 - 0x00007ffa1b5b1000 	C:\Program Files\Android\Android Studio\jre\jre\bin\nio.dll
0x00007ffa0aae0000 - 0x00007ffa0aafe000 	C:\Users\pc\.gradle\native\25\windows-amd64\native-platform.dll
0x00007ffa19aa0000 - 0x00007ffa19aad000 	C:\Program Files\Android\Android Studio\jre\jre\bin\management.dll
0x00007ffa31770000 - 0x00007ffa31787000 	C:\Windows\SYSTEM32\CRYPTSP.dll
0x00007ffa311d0000 - 0x00007ffa31203000 	C:\Windows\system32\rsaenh.dll
0x00007ffa31c40000 - 0x00007ffa31c6b000 	C:\Windows\SYSTEM32\bcrypt.dll
0x00007ffa31450000 - 0x00007ffa3146f000 	C:\Windows\SYSTEM32\USERENV.dll
0x00007ffa31790000 - 0x00007ffa3179b000 	C:\Windows\SYSTEM32\CRYPTBASE.dll
0x00007ffa31350000 - 0x00007ffa31388000 	C:\Windows\SYSTEM32\IPHLPAPI.DLL
0x00007ffa351b0000 - 0x00007ffa351b8000 	C:\Windows\System32\NSI.dll
0x00007ffa2de00000 - 0x00007ffa2de16000 	C:\Windows\SYSTEM32\dhcpcsvc6.DLL
0x00007ffa2e0b0000 - 0x00007ffa2e0ca000 	C:\Windows\SYSTEM32\dhcpcsvc.DLL
0x00007ffa0e680000 - 0x00007ffa0e6a4000 	C:\Program Files\Android\Android Studio\jre\jre\bin\sunec.dll
0x00007ffa31390000 - 0x00007ffa31431000 	C:\Windows\SYSTEM32\DNSAPI.dll
0x00007ffa2a0f0000 - 0x00007ffa2a0fa000 	C:\Windows\System32\rasadhlp.dll
0x00007ffa2c6a0000 - 0x00007ffa2c70a000 	C:\Windows\System32\fwpuclnt.dll
0x00007ffa2a010000 - 0x00007ffa2a01b000 	C:\Program Files\Android\Android Studio\jre\jre\bin\sunmscapi.dll
0x00007ffa31e90000 - 0x00007ffa32059000 	C:\Windows\System32\CRYPT32.dll
0x00007ffa31d80000 - 0x00007ffa31d90000 	C:\Windows\System32\MSASN1.dll

VM Arguments:
jvm_args: -XX:+HeapDumpOnOutOfMemoryError -Xmx1024m -Dfile.encoding=windows-1256 -Duser.country=US -Duser.language=en -Duser.variant 
java_command: org.gradle.launcher.daemon.bootstrap.GradleDaemon 4.4
java_class_path (initial): C:\Users\pc\.gradle\wrapper\dists\gradle-4.4-all\9br9xq1tocpiv8o6njlyu5op1\gradle-4.4\lib\gradle-launcher-4.4.jar
Launcher Type: SUN_STANDARD

Environment Variables:
PATH=C:\ProgramData\Anaconda3;C:\ProgramData\Anaconda3\Library\mingw-w64\bin;C:\ProgramData\Anaconda3\Library\usr\bin;C:\ProgramData\Anaconda3\Library\bin;C:\ProgramData\Anaconda3\Scripts;C:\ProgramData\Oracle\Java\javapath;C:\Windows\system32;C:\Windows;C:\Windows\System32\Wbem;C:\Windows\System32\WindowsPowerShell\v1.0\;C:\Program Files\nodejs\;C:\wamp64\bin\php\php7.1.14;C:\ProgramData\ComposerSetup\bin;C:\Program Files\PuTTY\;c:\Program Files (x86)\Microsoft SQL Server\90\Tools\binn\;C:\Program Files\Git\cmd;C:\Users\pc\AppData\Local\Microsoft\WindowsApps;C:\Users\pc\AppData\Roaming\Composer\vendor\bin;C:\Users\pc\AppData\Roaming\npm
USERNAME=pc
OS=Windows_NT
PROCESSOR_IDENTIFIER=Intel64 Family 6 Model 158 Stepping 9, GenuineIntel



---------------  S Y S T E M  ---------------

OS: Windows 10.0 , 64 bit Build 14393 (10.0.14393.2214)

CPU:total 4 (initial active 4) (4 cores per cpu, 1 threads per core) family 6 model 158 stepping 9, cmov, cx8, fxsr, mmx, sse, sse2, sse3, ssse3, sse4.1, sse4.2, popcnt, avx, avx2, aes, clmul, erms, 3dnowpref, lzcnt, tsc, tscinvbit, bmi1, bmi2, adx

Memory: 4k page, physical 8248216k(1169588k free), swap 12893036k(4228k free)

vm_info: OpenJDK 64-Bit Server VM (25.152-b02) for windows-amd64 JRE (1.8.0_152-release-1024-b02), built by "builder" with MS VC++ 10.0 (VS2010)

time: Wed Dec 05 12:26:05 2018
elapsed time: 289 seconds (0d 0h 4m 49s)

